#-----------------------------------------------------------
# Vivado v2018.2 (64-bit)
# SW Build 2258646 on Thu Jun 14 20:03:12 MDT 2018
# IP Build 2256618 on Thu Jun 14 22:10:49 MDT 2018
# Start of session at: Tue Oct 16 13:49:10 2018
# Process ID: 12316
# Current directory: D:/2018autumn/organization/Simple-ALU
# Command line: vivado.exe -gui_launcher_event rodinguilauncherevent7068 D:\2018autumn\organization\Simple-ALU\thinpad_top.xpr
# Log file: D:/2018autumn/organization/Simple-ALU/vivado.log
# Journal file: D:/2018autumn/organization/Simple-ALU\vivado.jou
#-----------------------------------------------------------
start_gui
open_project D:/2018autumn/organization/Simple-ALU/thinpad_top.xpr
INFO: [Project 1-313] Project file moved from 'C:/Users/19081/Desktop/大三秋季学期/计原/thinpad_top-rev.3/thinpad_top-rev.3' since last save.
Scanning sources...
Finished scanning sources
WARNING: [filemgmt 56-2] IPUserFilesDir: Could not find the directory 'D:/2018autumn/organization/Simple-ALU/thinpad_top.ip_user_files', nor could it be found using path 'C:/Users/19081/Desktop/大三秋季学期/计原/thinpad_top-rev.3/thinpad_top-rev.3/thinpad_top.ip_user_files'.
INFO: [IP_Flow 19-234] Refreshing IP repositories
INFO: [IP_Flow 19-1704] No user IP repositories specified
INFO: [IP_Flow 19-2313] Loaded Vivado IP repository 'D:/programs/Xilinx/Vivado/2018.2/data/ip'.
WARNING: [IP_Flow 19-2162] IP 'pll_example' is locked:
* IP definition 'Clocking Wizard (6.0)' for IP 'pll_example' (customized with software release 2018.1) has a different revision in the IP Catalog.
Please select 'Report IP Status' from the 'Tools/Report' menu or run Tcl command 'report_ip_status' for more information.
open_project: Time (s): cpu = 00:00:08 ; elapsed = 00:00:05 . Memory (MB): peak = 805.824 ; gain = 85.711
update_compile_order -fileset sources_1
report_ip_status -name ip_status 
upgrade_ip -srcset pll_example -vlnv xilinx.com:ip:clk_wiz:6.0 [get_ips  pll_example] -log ip_upgrade.log
Upgrading 'pll_example'
INFO: [Project 1-386] Moving file 'D:/2018autumn/organization/Simple-ALU/thinpad_top.srcs/sources_1/ip/pll_example/pll_example.xci' from fileset 'pll_example' to fileset 'sources_1'.
INFO: [IP_Flow 19-3422] Upgraded pll_example (Clocking Wizard 6.0) from revision 0 to revision 1
INFO: [IP_Flow 19-1686] Generating 'Instantiation Template' target for IP 'pll_example'...
INFO: [Coretcl 2-1525] Wrote upgrade log to 'D:/2018autumn/organization/Simple-ALU/ip_upgrade.log'.
upgrade_ip: Time (s): cpu = 00:00:07 ; elapsed = 00:00:07 . Memory (MB): peak = 969.387 ; gain = 136.883
export_ip_user_files -of_objects [get_ips pll_example] -no_script -sync -force -quiet
update_compile_order -fileset sources_1
exit
INFO: [Common 17-206] Exiting Vivado at Tue Oct 16 13:51:13 2018...
